2023-12-02T11:11:17Z I! Starting Telegraf 1.28.5 brought to you by InfluxData the makers of InfluxDB
2023-12-02T11:11:17Z I! Available plugins: 240 inputs, 9 aggregators, 29 processors, 24 parsers, 59 outputs, 5 secret-stores
2023-12-02T11:11:17Z I! Loaded inputs: tail
2023-12-02T11:11:17Z I! Loaded aggregators: 
2023-12-02T11:11:17Z I! Loaded processors: 
2023-12-02T11:11:17Z I! Loaded secretstores: 
2023-12-02T11:11:17Z I! Loaded outputs: file influxdb_v2
2023-12-02T11:11:17Z I! Tags enabled: host=d46588e1183c
2023-12-02T11:11:17Z I! [agent] Config: Interval:10s, Quiet:false, Hostname:"d46588e1183c", Flush Interval:20s
2023-12-02T11:11:17Z D! [agent] Initializing plugins
2023-12-02T11:11:17Z D! [agent] Connecting outputs
2023-12-02T11:11:17Z D! [agent] Attempting connection to [outputs.influxdb_v2]
2023-12-02T11:11:17Z D! [agent] Successfully connected to outputs.influxdb_v2
2023-12-02T11:11:17Z D! [agent] Attempting connection to [outputs.file]
2023-12-02T11:11:17Z D! [agent] Successfully connected to outputs.file
2023-12-02T11:11:17Z D! [agent] Starting service inputs
2023-12-02T11:11:37Z D! [outputs.file] Buffer fullness: 0 / 10000 metrics
2023-12-02T11:11:37Z D! [outputs.influxdb_v2] Buffer fullness: 0 / 10000 metrics
2023-12-02T11:11:57Z D! [outputs.influxdb_v2] Buffer fullness: 0 / 10000 metrics
2023-12-02T11:11:57Z D! [outputs.file] Buffer fullness: 0 / 10000 metrics
2023-12-02T11:12:17Z D! [outputs.file] Buffer fullness: 0 / 10000 metrics
2023-12-02T11:12:17Z D! [outputs.influxdb_v2] Buffer fullness: 0 / 10000 metrics
2023-12-02T11:12:37Z D! [outputs.file] Buffer fullness: 0 / 10000 metrics
2023-12-02T11:12:37Z D! [outputs.influxdb_v2] Buffer fullness: 0 / 10000 metrics
2023-12-02T11:12:57Z D! [outputs.influxdb_v2] Buffer fullness: 0 / 10000 metrics
2023-12-02T11:12:57Z D! [outputs.file] Buffer fullness: 0 / 10000 metrics
2023-12-02T11:13:17Z D! [outputs.influxdb_v2] Buffer fullness: 0 / 10000 metrics
2023-12-02T11:13:17Z D! [outputs.file] Buffer fullness: 0 / 10000 metrics
2023-12-02T11:13:37Z D! [outputs.influxdb_v2] Buffer fullness: 0 / 10000 metrics
2023-12-02T11:13:37Z D! [outputs.file] Buffer fullness: 0 / 10000 metrics
2023-12-02T11:13:57Z D! [outputs.influxdb_v2] Buffer fullness: 0 / 10000 metrics
2023-12-02T11:13:57Z D! [outputs.file] Buffer fullness: 0 / 10000 metrics
2023-12-02T11:14:17Z D! [outputs.file] Buffer fullness: 0 / 10000 metrics
2023-12-02T11:14:17Z D! [outputs.influxdb_v2] Buffer fullness: 0 / 10000 metrics
2023-12-02T11:14:37Z D! [outputs.file] Buffer fullness: 0 / 10000 metrics
2023-12-02T11:14:37Z D! [outputs.influxdb_v2] Buffer fullness: 0 / 10000 metrics
2023-12-02T11:14:57Z D! [outputs.file] Buffer fullness: 0 / 10000 metrics
2023-12-02T11:14:57Z D! [outputs.influxdb_v2] Buffer fullness: 0 / 10000 metrics
2023-12-02T11:15:15Z D! [agent] Stopping service inputs
2023-12-02T11:15:15Z D! [agent] Input channel closed
2023-12-02T11:15:15Z I! [agent] Hang on, flushing any cached metrics before shutdown
2023-12-02T11:15:15Z D! [outputs.file] Buffer fullness: 0 / 10000 metrics
2023-12-02T11:15:15Z D! [outputs.influxdb_v2] Buffer fullness: 0 / 10000 metrics
2023-12-02T11:15:15Z I! [agent] Stopping running outputs
2023-12-02T11:15:15Z D! [agent] Stopped Successfully
2023-12-02T11:15:36Z I! Starting Telegraf 1.28.5 brought to you by InfluxData the makers of InfluxDB
2023-12-02T11:15:36Z I! Available plugins: 240 inputs, 9 aggregators, 29 processors, 24 parsers, 59 outputs, 5 secret-stores
2023-12-02T11:15:36Z I! Loaded inputs: tail
2023-12-02T11:15:36Z I! Loaded aggregators: 
2023-12-02T11:15:36Z I! Loaded processors: 
2023-12-02T11:15:36Z I! Loaded secretstores: 
2023-12-02T11:15:36Z I! Loaded outputs: file influxdb_v2
2023-12-02T11:15:36Z I! Tags enabled: host=376d418dd494
2023-12-02T11:15:36Z I! [agent] Config: Interval:10s, Quiet:false, Hostname:"376d418dd494", Flush Interval:20s
2023-12-02T11:15:36Z D! [agent] Initializing plugins
2023-12-02T11:15:36Z D! [agent] Connecting outputs
2023-12-02T11:15:36Z D! [agent] Attempting connection to [outputs.influxdb_v2]
2023-12-02T11:15:36Z D! [agent] Successfully connected to outputs.influxdb_v2
2023-12-02T11:15:36Z D! [agent] Attempting connection to [outputs.file]
2023-12-02T11:15:36Z D! [agent] Successfully connected to outputs.file
2023-12-02T11:15:36Z D! [agent] Starting service inputs
2023-12-02T11:15:56Z D! [outputs.influxdb_v2] Buffer fullness: 0 / 10000 metrics
2023-12-02T11:15:56Z D! [outputs.file] Buffer fullness: 0 / 10000 metrics
2023-12-02T11:16:16Z D! [outputs.influxdb_v2] Buffer fullness: 0 / 10000 metrics
2023-12-02T11:16:16Z D! [outputs.file] Buffer fullness: 0 / 10000 metrics
2023-12-02T11:16:36Z D! [outputs.influxdb_v2] Buffer fullness: 0 / 10000 metrics
2023-12-02T11:16:36Z D! [outputs.file] Buffer fullness: 0 / 10000 metrics
2023-12-02T11:16:56Z D! [outputs.influxdb_v2] Buffer fullness: 0 / 10000 metrics
2023-12-02T11:16:56Z D! [outputs.file] Buffer fullness: 0 / 10000 metrics
2023-12-02T11:17:07Z D! [agent] Stopping service inputs
2023-12-02T11:17:07Z D! [agent] Input channel closed
2023-12-02T11:17:07Z I! [agent] Hang on, flushing any cached metrics before shutdown
2023-12-02T11:17:07Z D! [outputs.influxdb_v2] Buffer fullness: 0 / 10000 metrics
2023-12-02T11:17:07Z D! [outputs.file] Buffer fullness: 0 / 10000 metrics
2023-12-02T11:17:07Z I! [agent] Stopping running outputs
2023-12-02T11:17:07Z D! [agent] Stopped Successfully
